Untitled.cs(39,44): error CS1525: Unexpected symbol `result'
Untitled.cs(40,44): error CS1525: Unexpected symbol `result'
Compilation failed: 2 error(s), 0 warnings
